\BOOKMARK [0][-]{chapter.1}{Celda Sallen-Key}{}% 1
\BOOKMARK [1][-]{section.1.1}{Introducci\363n: la celda Sallen-Key}{chapter.1}% 2
\BOOKMARK [2][-]{subsection.1.1.1}{An\341lisis de sensibilidades}{section.1.1}% 3
\BOOKMARK [1][-]{section.1.2}{Filtro 1: Legendre}{chapter.1}% 4
\BOOKMARK [1][-]{section.1.3}{Filtro 2: Bessel}{chapter.1}% 5
\BOOKMARK [0][-]{chapter.2}{Celda Rauch \(Deliyannis-Friend modificada\)}{}% 6
\BOOKMARK [0][-]{chapter.3}{Sedra-Ghorab-Martin}{}% 7
\BOOKMARK [1][-]{section.3.1}{Introducci\363n}{chapter.3}% 8
\BOOKMARK [2][-]{subsection.3.1.1}{Usos}{section.3.1}% 9
\BOOKMARK [1][-]{section.3.2}{Obtenci\363n funcion transferencia con Cauer}{chapter.3}% 10
\BOOKMARK [1][-]{section.3.3}{Elecci\363n de componentes}{chapter.3}% 11
\BOOKMARK [2][-]{subsection.3.3.1}{Uso y ubicaci\363n del preset}{section.3.3}% 12
\BOOKMARK [2][-]{subsection.3.3.2}{Uso de buffers}{section.3.3}% 13
\BOOKMARK [1][-]{section.3.4}{Mediciones}{chapter.3}% 14
\BOOKMARK [1][-]{section.3.5}{Estabilidad}{chapter.3}% 15
\BOOKMARK [1][-]{section.3.6}{Anexo}{chapter.3}% 16
\BOOKMARK [2][-]{subsection.3.6.1}{Transformaci\363n complementaria: relaci\363n entre celda HPB y Deliyannis}{section.3.6}% 17
\BOOKMARK [2][-]{subsection.3.6.2}{Transferencia con polo dominante por feedback}{section.3.6}% 18
\BOOKMARK [0][-]{chapter.4}{Celda Universal}{}% 19
\BOOKMARK [1][-]{section.4.1}{Comparaci\363n de celdas universales}{chapter.4}% 20
\BOOKMARK [2][-]{subsection.4.1.1}{Kerwin Huelsman Newcomb \(KHD\)}{section.4.1}% 21
\BOOKMARK [2][-]{subsection.4.1.2}{Tow Thomas}{section.4.1}% 22
\BOOKMARK [2][-]{subsection.4.1.3}{Akerberg Mossberg}{section.4.1}% 23
\BOOKMARK [2][-]{subsection.4.1.4}{Fleischer Tow}{section.4.1}% 24
\BOOKMARK [1][-]{section.4.2}{Elaboraci\363n del filtro}{chapter.4}% 25
\BOOKMARK [2][-]{subsection.4.2.1}{Plantilla a relizar}{section.4.2}% 26
\BOOKMARK [2][-]{subsection.4.2.2}{Elecci\363n de celda}{section.4.2}% 27
\BOOKMARK [2][-]{subsection.4.2.3}{Analisis de sensivilidades de la celda Fleischer Tow}{section.4.2}% 28
\BOOKMARK [2][-]{subsection.4.2.4}{Dise\361o del filtro}{section.4.2}% 29
\BOOKMARK [2][-]{subsection.4.2.5}{Simulaci\363n del modulo del la respuesta en frecuencia}{section.4.2}% 30
\BOOKMARK [2][-]{subsection.4.2.6}{Simulaci\363n de la impedancia de entrada}{section.4.2}% 31
\BOOKMARK [2][-]{subsection.4.2.7}{Mediciones}{section.4.2}% 32
